<?xml version="1.0" encoding="UTF-8"?>
<!-- Generated by org.testng.reporters.JUnitReportReporter -->
<testsuite hostname="lenovo" failures="0" tests="1" name="com.tcs.testcases.RadioButton" time="0.571" errors="0" timestamp="2025-04-11T07:01:20 IST" skipped="0">
  <testcase classname="com.tcs.testcases.RadioButton" name="radiobtn" time="0.571"/>
</testsuite> <!-- com.tcs.testcases.RadioButton -->
