<?xml version="1.0" encoding="UTF-8"?>
<!-- Generated by org.testng.reporters.JUnitReportReporter -->
<testsuite hostname="lenovo" failures="0" tests="1" name="com.tcs.testcases.DropDown" time="0.607" errors="0" timestamp="2025-04-08T07:37:26 IST" skipped="0">
  <testcase classname="com.tcs.testcases.DropDown" name="radiobtn" time="0.607"/>
</testsuite> <!-- com.tcs.testcases.DropDown -->
