<?xml version="1.0" encoding="UTF-8"?>
<!-- Generated by org.testng.reporters.JUnitReportReporter -->
<testsuite hostname="lenovo" failures="0" tests="1" name="com.tcs.testcases.LaunchApp" time="5.493" errors="0" timestamp="2025-04-02T07:38:56 IST" skipped="0">
  <testcase classname="com.tcs.testcases.LaunchApp" name="openURL" time="5.493"/>
</testsuite> <!-- com.tcs.testcases.LaunchApp -->
